<?xml version="1.0" encoding="UTF-8"?>
<robot generator="Robot 3.2.1 (Python 3.8.3 on win32)" generated="20200621 19:56:56.048" rpa="false">
<suite id="s1" name="SampleProject" source="C:\Users\SESA505163\Documents\workspace\python\SampleProject">
<suite id="s1-s1" name="Test" source="C:\Users\SESA505163\Documents\workspace\python\SampleProject\Test">
<suite id="s1-s1-s1" name="SampleLogin" source="C:\Users\SESA505163\Documents\workspace\python\SampleProject\Test\SampleLogin.robot">
<test id="s1-s1-s1-t1" name="SampleLoginTest">
<kw name="Open Browser" library="SeleniumLibrary">
<doc>Opens a new browser instance to the optional ``url``.</doc>
<arguments>
<arg>${URL}</arg>
<arg>chrome</arg>
</arguments>
<msg timestamp="20200621 19:56:56.492" level="INFO">Opening browser 'chrome' to base url 'https://opensource-demo.orangehrmlive.com/'.</msg>
<status status="PASS" starttime="20200621 19:56:56.491" endtime="20200621 19:57:10.163"></status>
</kw>
<kw name="Set Browser Implicit Wait" library="SeleniumLibrary">
<doc>Sets the implicit wait value used by Selenium.</doc>
<arguments>
<arg>10</arg>
</arguments>
<status status="PASS" starttime="20200621 19:57:10.164" endtime="20200621 19:57:10.167"></status>
</kw>
<kw name="LoginKW">
<kw name="Input Text" library="SeleniumLibrary">
<doc>Types the given ``text`` into the text field identified by ``locator``.</doc>
<arguments>
<arg>id=txtUsername</arg>
<arg>&amp;{LOGINDATA}[username]</arg>
</arguments>
<msg timestamp="20200621 19:57:10.169" level="WARN">Accessing variable items using '&amp;{LOGINDATA}[username]' syntax is deprecated. Use '${LOGINDATA}[username]' instead.</msg>
<msg timestamp="20200621 19:57:10.170" level="INFO">Typing text 'Admin' into text field 'id=txtUsername'.</msg>
<status status="PASS" starttime="20200621 19:57:10.169" endtime="20200621 19:57:10.349"></status>
</kw>
<kw name="Input Password" library="SeleniumLibrary">
<doc>Types the given password into the text field identified by ``locator``.</doc>
<arguments>
<arg>id=txtPassword</arg>
<arg>&amp;{LOGINDATA}[password]</arg>
</arguments>
<msg timestamp="20200621 19:57:10.350" level="WARN">Accessing variable items using '&amp;{LOGINDATA}[password]' syntax is deprecated. Use '${LOGINDATA}[password]' instead.</msg>
<msg timestamp="20200621 19:57:10.350" level="INFO">Typing password into text field 'id=txtPassword'.</msg>
<msg timestamp="20200621 19:57:10.438" level="INFO">Temporally setting log level to: NONE</msg>
<msg timestamp="20200621 19:57:10.539" level="INFO">Log level changed from NONE to INFO.</msg>
<status status="PASS" starttime="20200621 19:57:10.349" endtime="20200621 19:57:10.540"></status>
</kw>
<kw name="Click Button" library="SeleniumLibrary">
<doc>Clicks the button identified by ``locator``.</doc>
<arguments>
<arg>id=btnLogin</arg>
</arguments>
<msg timestamp="20200621 19:57:10.542" level="INFO">Clicking button 'id=btnLogin'.</msg>
<status status="PASS" starttime="20200621 19:57:10.541" endtime="20200621 19:57:16.432"></status>
</kw>
<status status="PASS" starttime="20200621 19:57:10.167" endtime="20200621 19:57:16.433"></status>
</kw>
<kw name="Set Browser Implicit Wait" library="SeleniumLibrary">
<doc>Sets the implicit wait value used by Selenium.</doc>
<arguments>
<arg>10</arg>
</arguments>
<status status="PASS" starttime="20200621 19:57:16.435" endtime="20200621 19:57:16.439"></status>
</kw>
<kw name="Click Element" library="SeleniumLibrary">
<doc>Click the element identified by ``locator``.</doc>
<arguments>
<arg>id=welcome</arg>
</arguments>
<msg timestamp="20200621 19:57:16.441" level="INFO">Clicking element 'id=welcome'.</msg>
<status status="PASS" starttime="20200621 19:57:16.440" endtime="20200621 19:57:16.609"></status>
</kw>
<kw name="Set Browser Implicit Wait" library="SeleniumLibrary">
<doc>Sets the implicit wait value used by Selenium.</doc>
<arguments>
<arg>10</arg>
</arguments>
<status status="PASS" starttime="20200621 19:57:16.610" endtime="20200621 19:57:16.613"></status>
</kw>
<kw name="Click Element" library="SeleniumLibrary">
<doc>Click the element identified by ``locator``.</doc>
<arguments>
<arg>link=Logout</arg>
</arguments>
<msg timestamp="20200621 19:57:16.614" level="INFO">Clicking element 'link=Logout'.</msg>
<status status="PASS" starttime="20200621 19:57:16.613" endtime="20200621 19:57:18.240"></status>
</kw>
<kw name="Close Browser" library="SeleniumLibrary">
<doc>Closes the current browser.</doc>
<status status="PASS" starttime="20200621 19:57:18.241" endtime="20200621 19:57:22.197"></status>
</kw>
<kw name="Log" library="BuiltIn">
<doc>Logs the given message with the given level.</doc>
<arguments>
<arg>Test Complete</arg>
</arguments>
<msg timestamp="20200621 19:57:22.200" level="INFO">Test Complete</msg>
<status status="PASS" starttime="20200621 19:57:22.198" endtime="20200621 19:57:22.200"></status>
</kw>
<kw name="Log" library="BuiltIn">
<doc>Logs the given message with the given level.</doc>
<arguments>
<arg>This is executed by %{username} on %{OS}</arg>
</arguments>
<msg timestamp="20200621 19:57:22.202" level="INFO">This is executed by SESA505163 on Windows_NT</msg>
<status status="PASS" starttime="20200621 19:57:22.201" endtime="20200621 19:57:22.203"></status>
</kw>
<doc>This is sample test case</doc>
<status status="PASS" starttime="20200621 19:56:56.489" endtime="20200621 19:57:22.204" critical="yes"></status>
</test>
<status status="PASS" starttime="20200621 19:56:56.154" endtime="20200621 19:57:22.207"></status>
</suite>
<status status="PASS" starttime="20200621 19:56:56.149" endtime="20200621 19:57:22.214"></status>
</suite>
<status status="PASS" starttime="20200621 19:56:56.111" endtime="20200621 19:57:22.219"></status>
</suite>
<statistics>
<total>
<stat pass="1" fail="0">Critical Tests</stat>
<stat pass="1" fail="0">All Tests</stat>
</total>
<tag>
</tag>
<suite>
<stat pass="1" fail="0" id="s1" name="SampleProject">SampleProject</stat>
<stat pass="1" fail="0" id="s1-s1" name="Test">SampleProject.Test</stat>
<stat pass="1" fail="0" id="s1-s1-s1" name="SampleLogin">SampleProject.Test.SampleLogin</stat>
</suite>
</statistics>
<errors>
<msg timestamp="20200621 19:57:10.169" level="WARN">Accessing variable items using '&amp;{LOGINDATA}[username]' syntax is deprecated. Use '${LOGINDATA}[username]' instead.</msg>
<msg timestamp="20200621 19:57:10.350" level="WARN">Accessing variable items using '&amp;{LOGINDATA}[password]' syntax is deprecated. Use '${LOGINDATA}[password]' instead.</msg>
</errors>
</robot>
